<?xml version="1.0" encoding="UTF-8"?>
<testsuite name="ru.netology.service.CashbackHackServiceTest" tests="1" skipped="0" failures="0" errors="0" timestamp="2023-05-16T11:16:59" hostname="DESKTOP-RMEV5AP" time="0.005">
  <properties/>
  <testcase name="shouldSuggestToBuyMoreThanThousand" classname="ru.netology.service.CashbackHackServiceTest" time="0.005"/>
  <system-out><![CDATA[]]></system-out>
  <system-err><![CDATA[]]></system-err>
</testsuite>
